<?xml version="1.0" encoding="UTF-8"?>
<!-- Generated by org.testng.reporters.JUnitXMLReporter -->
<testsuite ignored="0" hostname="Andrey" failures="0" tests="5" name="Surefire test" time="168.695" errors="0" timestamp="19 дек. 2020 06:40:15 GMT">
  <testcase classname="org.example.tests.LoginTest" name="loginTest" time="28.195"/>
  <testcase classname="org.example.tests.BuyTest" name="priceTest" time="43.294"/>
  <testcase classname="org.example.tests.CityTest" name="cityTest" time="21.596"/>
  <testcase classname="org.example.tests.CityTest" name="cityTest" time="11.96"/>
  <testcase classname="org.example.tests.CityTest" name="cityTest" time="9.512"/>
</testsuite> <!-- Surefire test -->
