<?xml version="1.0" encoding="UTF-8"?>
<!-- Generated by org.testng.reporters.JUnitXMLReporter -->
<testsuite ignored="0" hostname="Andrey" failures="0" tests="3" name="Command line test" time="105.531" errors="0" timestamp="21 нояб. 2020 10:03:35 GMT">
  <testcase classname="org.example.BuyTest" name="priceTest" time="26.82"/>
  <testcase classname="org.example.CityTest" name="cityTest" time="17.75"/>
  <testcase classname="org.example.LoginTest" name="loginTest" time="17.959"/>
</testsuite> <!-- Command line test -->
