<?xml version="1.0" encoding="UTF-8"?>
<testsuite xmlns:xsi="http://www.w3.org/2001/XMLSchema-instance" xsi:noNamespaceSchemaLocation="https://maven.apache.org/surefire/maven-surefire-plugin/xsd/surefire-test-report.xsd" name="TestSuite" time="173.412" tests="5" errors="0" skipped="0" failures="0">
  <properties>
[...]
</properties>
  <testcase name="loginTest" classname="org.example.tests.LoginTest" time="28.478"/>
  <testcase name="priceTest" classname="org.example.tests.BuyTest" time="43.512"/>
  <testcase name="cityTest" classname="org.example.tests.CityTest" time="21.598"/>
  <testcase name="cityTest" classname="org.example.tests.CityTest" time="11.957"/>
  <testcase name="cityTest" classname="org.example.tests.CityTest" time="9.514"/>
</testsuite>