<?xml version="1.0" encoding="UTF-8"?>
<testng-results ignored="0" total="5" passed="5" failed="0" skipped="0">
  <reporter-output>
  </reporter-output>
  <suite started-at="2020-12-19T06:37:26Z" name="Surefire suite" finished-at="2020-12-19T06:40:15Z" duration-ms="168695">
    <groups>
    </groups>
    <test started-at="2020-12-19T06:37:26Z" name="Surefire test" finished-at="2020-12-19T06:40:15Z" duration-ms="168695">
      <class name="org.example.tests.LoginTest">
        <test-method is-config="true" signature="setup()[pri:0, instance:org.example.tests.LoginTest@d1a10ac]" started-at="2020-12-19T06:37:26Z" name="setup" finished-at="2020-12-19T06:37:45Z" duration-ms="18743" status="PASS">
          <reporter-output>
          </reporter-output>
        </test-method> <!-- setup -->
        <test-method signature="loginTest()[pri:0, instance:org.example.tests.LoginTest@d1a10ac]" started-at="2020-12-19T06:37:45Z" name="loginTest" description="Invalid Scenario in Login form" finished-at="2020-12-19T06:38:13Z" duration-ms="28195" status="PASS">
          <reporter-output>
          </reporter-output>
        </test-method> <!-- loginTest -->
        <test-method is-config="true" signature="tearDown()[pri:0, instance:org.example.tests.LoginTest@d1a10ac]" started-at="2020-12-19T06:38:14Z" name="tearDown" finished-at="2020-12-19T06:38:15Z" duration-ms="1323" status="PASS">
          <reporter-output>
          </reporter-output>
        </test-method> <!-- tearDown -->
      </class> <!-- org.example.tests.LoginTest -->
      <class name="org.example.tests.CityTest">
        <test-method is-config="true" signature="setup()[pri:0, instance:org.example.tests.CityTest@1bcb79c2]" started-at="2020-12-19T06:39:16Z" name="setup" finished-at="2020-12-19T06:39:30Z" duration-ms="14778" status="PASS">
          <reporter-output>
          </reporter-output>
        </test-method> <!-- setup -->
        <test-method signature="cityTest(java.lang.String)[pri:1, instance:org.example.tests.CityTest@1bcb79c2]" started-at="2020-12-19T06:39:30Z" name="cityTest" description="Invalid Scenario in Change-city form" data-provider="cityChange" finished-at="2020-12-19T06:39:52Z" duration-ms="21596" status="PASS">
          <params>
            <param index="0">
              <value>
                <![CDATA[Курск]]>
              </value>
            </param>
          </params>
          <reporter-output>
          </reporter-output>
        </test-method> <!-- cityTest -->
        <test-method signature="cityTest(java.lang.String)[pri:1, instance:org.example.tests.CityTest@1bcb79c2]" started-at="2020-12-19T06:39:52Z" name="cityTest" description="Invalid Scenario in Change-city form" data-provider="cityChange" finished-at="2020-12-19T06:40:04Z" duration-ms="11960" status="PASS">
          <params>
            <param index="0">
              <value>
                <![CDATA[Киров]]>
              </value>
            </param>
          </params>
          <reporter-output>
          </reporter-output>
        </test-method> <!-- cityTest -->
        <test-method signature="cityTest(java.lang.String)[pri:1, instance:org.example.tests.CityTest@1bcb79c2]" started-at="2020-12-19T06:40:04Z" name="cityTest" description="Invalid Scenario in Change-city form" data-provider="cityChange" finished-at="2020-12-19T06:40:13Z" duration-ms="9512" status="PASS">
          <params>
            <param index="0">
              <value>
                <![CDATA[Чебоксары]]>
              </value>
            </param>
          </params>
          <reporter-output>
          </reporter-output>
        </test-method> <!-- cityTest -->
        <test-method is-config="true" signature="tearDown()[pri:0, instance:org.example.tests.CityTest@1bcb79c2]" started-at="2020-12-19T06:40:13Z" name="tearDown" finished-at="2020-12-19T06:40:15Z" duration-ms="1456" status="PASS">
          <reporter-output>
          </reporter-output>
        </test-method> <!-- tearDown -->
      </class> <!-- org.example.tests.CityTest -->
      <class name="org.example.tests.BuyTest">
        <test-method is-config="true" signature="setup()[pri:0, instance:org.example.tests.BuyTest@75b3673]" started-at="2020-12-19T06:38:15Z" name="setup" finished-at="2020-12-19T06:38:31Z" duration-ms="15540" status="PASS">
          <reporter-output>
          </reporter-output>
        </test-method> <!-- setup -->
        <test-method signature="priceTest()[pri:1, instance:org.example.tests.BuyTest@75b3673]" started-at="2020-12-19T06:38:31Z" name="priceTest" description="Invalid Scenario in dding to basket and filtration by cost" finished-at="2020-12-19T06:39:14Z" duration-ms="43294" status="PASS">
          <reporter-output>
          </reporter-output>
        </test-method> <!-- priceTest -->
        <test-method is-config="true" signature="tearDown()[pri:0, instance:org.example.tests.BuyTest@75b3673]" started-at="2020-12-19T06:39:14Z" name="tearDown" finished-at="2020-12-19T06:39:16Z" duration-ms="1290" status="PASS">
          <reporter-output>
          </reporter-output>
        </test-method> <!-- tearDown -->
      </class> <!-- org.example.tests.BuyTest -->
    </test> <!-- Surefire test -->
  </suite> <!-- Surefire suite -->
</testng-results>
